<?xml version="1.0" encoding="UTF-8"?>
<coverage generated="1727390424835" clover="3.2.0">
  <project timestamp="1727390424835" name="All files">
    <metrics statements="36" coveredstatements="18" conditionals="12" coveredconditionals="8" methods="8" coveredmethods="3" elements="56" coveredelements="29" complexity="0" loc="36" ncloc="36" packages="1" files="2" classes="2"/>
    <file name="formHandler.js" path="/home/rewan/Desktop/git hub projects/News Article with Natural Language Processing udacity/src/client/js/formHandler.js">
      <metrics statements="26" coveredstatements="8" conditionals="6" coveredconditionals="2" methods="7" coveredmethods="2"/>
      <line num="5" count="1" type="stmt"/>
      <line num="6" count="1" type="stmt"/>
      <line num="7" count="1" type="stmt"/>
      <line num="9" count="1" type="cond" truecount="2" falsecount="2"/>
      <line num="10" count="0" type="stmt"/>
      <line num="12" count="1" type="stmt"/>
      <line num="16" count="0" type="stmt"/>
      <line num="17" count="0" type="stmt"/>
      <line num="19" count="0" type="cond" truecount="0" falsecount="2"/>
      <line num="20" count="0" type="stmt"/>
      <line num="21" count="0" type="stmt"/>
      <line num="23" count="0" type="stmt"/>
      <line num="26" count="0" type="stmt"/>
      <line num="29" count="0" type="stmt"/>
      <line num="35" count="1" type="stmt"/>
      <line num="36" count="1" type="stmt"/>
      <line num="38" count="1" type="stmt"/>
      <line num="41" count="0" type="stmt"/>
      <line num="46" count="0" type="stmt"/>
      <line num="47" count="0" type="stmt"/>
      <line num="48" count="0" type="stmt"/>
      <line num="49" count="0" type="stmt"/>
      <line num="51" count="0" type="stmt"/>
      <line num="52" count="0" type="stmt"/>
      <line num="53" count="0" type="stmt"/>
      <line num="54" count="0" type="stmt"/>
    </file>
    <file name="urlValidator.js" path="/home/rewan/Desktop/git hub projects/News Article with Natural Language Processing udacity/src/client/js/urlValidator.js">
      <metrics statements="10" coveredstatements="10" conditionals="6" coveredconditionals="6" methods="1" coveredmethods="1"/>
      <line num="2" count="3" type="stmt"/>
      <line num="3" count="3" type="cond" truecount="2" falsecount="0"/>
      <line num="4" count="1" type="stmt"/>
      <line num="5" count="1" type="stmt"/>
      <line num="9" count="2" type="stmt"/>
      <line num="10" count="2" type="stmt"/>
      <line num="11" count="2" type="cond" truecount="4" falsecount="0"/>
      <line num="12" count="1" type="stmt"/>
      <line num="13" count="1" type="stmt"/>
      <line num="16" count="1" type="stmt"/>
    </file>
  </project>
</coverage>
