{"/home/rewan/Desktop/git hub projects/News Article with Natural Language Processing udacity/src/client/js/formHandler.js": {"path":"/home/rewan/Desktop/git hub projects/News Article with Natural Language Processing udacity/src/client/js/formHandler.js","statementMap":{"0":{"start":{"line":5,"column":18},"end":{"line":5,"column":41}},"1":{"start":{"line":6,"column":13},"end":{"line":6,"column":48}},"2":{"start":{"line":7,"column":17},"end":{"line":7,"column":47}},"3":{"start":{"line":9,"column":0},"end":{"line":13,"column":1}},"4":{"start":{"line":10,"column":2},"end":{"line":10,"column":48}},"5":{"start":{"line":12,"column":2},"end":{"line":12,"column":55}},"6":{"start":{"line":16,"column":2},"end":{"line":16,"column":25}},"7":{"start":{"line":17,"column":14},"end":{"line":17,"column":28}},"8":{"start":{"line":19,"column":2},"end":{"line":30,"column":3}},"9":{"start":{"line":20,"column":4},"end":{"line":20,"column":47}},"10":{"start":{"line":21,"column":4},"end":{"line":27,"column":9}},"11":{"start":{"line":23,"column":8},"end":{"line":23,"column":27}},"12":{"start":{"line":26,"column":8},"end":{"line":26,"column":29}},"13":{"start":{"line":29,"column":4},"end":{"line":29,"column":69}},"14":{"start":{"line":35,"column":2},"end":{"line":35,"column":25}},"15":{"start":{"line":36,"column":2},"end":{"line":42,"column":7}},"16":{"start":{"line":38,"column":6},"end":{"line":38,"column":27}},"17":{"start":{"line":41,"column":6},"end":{"line":41,"column":27}},"18":{"start":{"line":46,"column":23},"end":{"line":46,"column":40}},"19":{"start":{"line":47,"column":20},"end":{"line":47,"column":34}},"20":{"start":{"line":48,"column":21},"end":{"line":48,"column":36}},"21":{"start":{"line":49,"column":16},"end":{"line":49,"column":26}},"22":{"start":{"line":51,"column":2},"end":{"line":51,"column":86}},"23":{"start":{"line":52,"column":2},"end":{"line":52,"column":77}},"24":{"start":{"line":53,"column":2},"end":{"line":53,"column":80}},"25":{"start":{"line":54,"column":2},"end":{"line":54,"column":65}}},"fnMap":{"0":{"name":"handleSubmit","decl":{"start":{"line":15,"column":9},"end":{"line":15,"column":21}},"loc":{"start":{"line":15,"column":29},"end":{"line":31,"column":1}},"line":15},"1":{"name":"(anonymous_1)","decl":{"start":{"line":22,"column":12},"end":{"line":22,"column":13}},"loc":{"start":{"line":22,"column":26},"end":{"line":24,"column":7}},"line":22},"2":{"name":"(anonymous_2)","decl":{"start":{"line":25,"column":13},"end":{"line":25,"column":14}},"loc":{"start":{"line":25,"column":24},"end":{"line":27,"column":7}},"line":25},"3":{"name":"sendPostRequest","decl":{"start":{"line":34,"column":16},"end":{"line":34,"column":31}},"loc":{"start":{"line":34,"column":43},"end":{"line":43,"column":1}},"line":34},"4":{"name":"(anonymous_4)","decl":{"start":{"line":37,"column":10},"end":{"line":37,"column":11}},"loc":{"start":{"line":37,"column":24},"end":{"line":39,"column":5}},"line":37},"5":{"name":"(anonymous_5)","decl":{"start":{"line":40,"column":11},"end":{"line":40,"column":12}},"loc":{"start":{"line":40,"column":22},"end":{"line":42,"column":5}},"line":40},"6":{"name":"updateUI","decl":{"start":{"line":45,"column":9},"end":{"line":45,"column":17}},"loc":{"start":{"line":45,"column":24},"end":{"line":55,"column":1}},"line":45}},"branchMap":{"0":{"loc":{"start":{"line":9,"column":0},"end":{"line":13,"column":1}},"type":"if","locations":[{"start":{"line":9,"column":0},"end":{"line":13,"column":1}},{"start":{"line":11,"column":7},"end":{"line":13,"column":1}}],"line":9},"1":{"loc":{"start":{"line":9,"column":4},"end":{"line":9,"column":20}},"type":"binary-expr","locations":[{"start":{"line":9,"column":4},"end":{"line":9,"column":8}},{"start":{"line":9,"column":12},"end":{"line":9,"column":20}}],"line":9},"2":{"loc":{"start":{"line":19,"column":2},"end":{"line":30,"column":3}},"type":"if","locations":[{"start":{"line":19,"column":2},"end":{"line":30,"column":3}},{"start":{"line":28,"column":9},"end":{"line":30,"column":3}}],"line":19}},"s":{"0":1,"1":1,"2":1,"3":1,"4":0,"5":1,"6":0,"7":0,"8":0,"9":0,"10":0,"11":0,"12":0,"13":0,"14":1,"15":1,"16":1,"17":0,"18":0,"19":0,"20":0,"21":0,"22":0,"23":0,"24":0,"25":0},"f":{"0":0,"1":0,"2":0,"3":1,"4":1,"5":0,"6":0},"b":{"0":[0,1],"1":[1,0],"2":[0,0]},"_coverageSchema":"1a1c01bbd47fc00a2c39e90264f33305004495a9","hash":"88ce0c0700091b389ab22caa3ebf792baa2a1412"}
,"/home/rewan/Desktop/git hub projects/News Article with Natural Language Processing udacity/src/client/js/urlValidator.js": {"path":"/home/rewan/Desktop/git hub projects/News Article with Natural Language Processing udacity/src/client/js/urlValidator.js","statementMap":{"0":{"start":{"line":2,"column":16},"end":{"line":2,"column":37}},"1":{"start":{"line":3,"column":2},"end":{"line":6,"column":3}},"2":{"start":{"line":4,"column":4},"end":{"line":4,"column":92}},"3":{"start":{"line":5,"column":4},"end":{"line":5,"column":17}},"4":{"start":{"line":9,"column":19},"end":{"line":9,"column":33}},"5":{"start":{"line":10,"column":17},"end":{"line":10,"column":28}},"6":{"start":{"line":11,"column":2},"end":{"line":14,"column":3}},"7":{"start":{"line":12,"column":4},"end":{"line":12,"column":70}},"8":{"start":{"line":13,"column":4},"end":{"line":13,"column":17}},"9":{"start":{"line":16,"column":2},"end":{"line":16,"column":14}}},"fnMap":{"0":{"name":"isValidURL","decl":{"start":{"line":1,"column":16},"end":{"line":1,"column":26}},"loc":{"start":{"line":1,"column":32},"end":{"line":17,"column":1}},"line":1}},"branchMap":{"0":{"loc":{"start":{"line":3,"column":2},"end":{"line":6,"column":3}},"type":"if","locations":[{"start":{"line":3,"column":2},"end":{"line":6,"column":3}},{"start":{},"end":{}}],"line":3},"1":{"loc":{"start":{"line":11,"column":2},"end":{"line":14,"column":3}},"type":"if","locations":[{"start":{"line":11,"column":2},"end":{"line":14,"column":3}},{"start":{},"end":{}}],"line":11},"2":{"loc":{"start":{"line":11,"column":6},"end":{"line":11,"column":54}},"type":"binary-expr","locations":[{"start":{"line":11,"column":6},"end":{"line":11,"column":28}},{"start":{"line":11,"column":32},"end":{"line":11,"column":54}}],"line":11}},"s":{"0":3,"1":3,"2":1,"3":1,"4":2,"5":2,"6":2,"7":1,"8":1,"9":1},"f":{"0":3},"b":{"0":[1,2],"1":[1,1],"2":[2,1]},"_coverageSchema":"1a1c01bbd47fc00a2c39e90264f33305004495a9","hash":"a3d63e7db19d0cd28435b0fb8e904e7ec0d28d8b"}
}
