TN:
SF:src/client/js/formHandler.js
FN:15,handleSubmit
FN:22,(anonymous_1)
FN:25,(anonymous_2)
FN:34,sendPostRequest
FN:37,(anonymous_4)
FN:40,(anonymous_5)
FN:45,updateUI
FNF:7
FNH:2
FNDA:0,handleSubmit
FNDA:0,(anonymous_1)
FNDA:0,(anonymous_2)
FNDA:1,sendPostRequest
FNDA:1,(anonymous_4)
FNDA:0,(anonymous_5)
FNDA:0,updateUI
DA:5,1
DA:6,1
DA:7,1
DA:9,1
DA:10,0
DA:12,1
DA:16,0
DA:17,0
DA:19,0
DA:20,0
DA:21,0
DA:23,0
DA:26,0
DA:29,0
DA:35,1
DA:36,1
DA:38,1
DA:41,0
DA:46,0
DA:47,0
DA:48,0
DA:49,0
DA:51,0
DA:52,0
DA:53,0
DA:54,0
LF:26
LH:8
BRDA:9,0,0,0
BRDA:9,0,1,1
BRDA:9,1,0,1
BRDA:9,1,1,0
BRDA:19,2,0,0
BRDA:19,2,1,0
BRF:6
BRH:2
end_of_record
TN:
SF:src/client/js/urlValidator.js
FN:1,isValidURL
FNF:1
FNH:1
FNDA:3,isValidURL
DA:2,3
DA:3,3
DA:4,1
DA:5,1
DA:9,2
DA:10,2
DA:11,2
DA:12,1
DA:13,1
DA:16,1
LF:10
LH:10
BRDA:3,0,0,1
BRDA:3,0,1,2
BRDA:11,1,0,1
BRDA:11,1,1,1
BRDA:11,2,0,2
BRDA:11,2,1,1
BRF:6
BRH:6
end_of_record
